  test.c
D:\Code(C语言）\stu_2025_5_11\test.c(5,9): warning C4477: “printf”: 格式字符串“%d”需要类型“int”的参数，但可变参数 1 拥有了类型“size_t”
      D:\Code(C语言）\stu_2025_5_11\test.c(5,9):
      请考虑在格式字符串中使用“%zd”
  
D:\Code(C语言）\stu_2025_5_11\test.c(7,9): warning C4477: “printf”: 格式字符串“%d”需要类型“int”的参数，但可变参数 1 拥有了类型“size_t”
      D:\Code(C语言）\stu_2025_5_11\test.c(7,9):
      请考虑在格式字符串中使用“%zd”
  
D:\Code(C语言）\stu_2025_5_11\test.c(9,9): warning C4477: “printf”: 格式字符串“%d”需要类型“int”的参数，但可变参数 1 拥有了类型“size_t”
      D:\Code(C语言）\stu_2025_5_11\test.c(9,9):
      请考虑在格式字符串中使用“%zd”
  
D:\Code(C语言）\stu_2025_5_11\test.c(11,9): warning C4477: “printf”: 格式字符串“%d”需要类型“int”的参数，但可变参数 1 拥有了类型“size_t”
      D:\Code(C语言）\stu_2025_5_11\test.c(11,9):
      请考虑在格式字符串中使用“%zd”
  
D:\Code(C语言）\stu_2025_5_11\test.c(13,9): warning C4477: “printf”: 格式字符串“%d”需要类型“int”的参数，但可变参数 1 拥有了类型“size_t”
      D:\Code(C语言）\stu_2025_5_11\test.c(13,9):
      请考虑在格式字符串中使用“%zd”
  
D:\Code(C语言）\stu_2025_5_11\test.c(15,9): warning C4477: “printf”: 格式字符串“%d”需要类型“int”的参数，但可变参数 1 拥有了类型“size_t”
      D:\Code(C语言）\stu_2025_5_11\test.c(15,9):
      请考虑在格式字符串中使用“%zd”
  
D:\Code(C语言）\stu_2025_5_11\test.c(17,9): warning C4477: “printf”: 格式字符串“%d”需要类型“int”的参数，但可变参数 1 拥有了类型“size_t”
      D:\Code(C语言）\stu_2025_5_11\test.c(17,9):
      请考虑在格式字符串中使用“%zd”
  
  stu_2025_5_11.vcxproj -> D:\Code(C语言）\stu_2025_5_11\x64\Debug\stu_2025_5_11.exe
